build/app/outputs/mapping/release/mapping.txt
# compiler: R8
# compiler_version: 4.0.52
# min_api: 21
# common_typos_disable
# {"id":"com.android.tools.r8.mapping","version":"2.1"}
# pg_map_id: 36c8b12
# pg_map_hash: SHA-256 36c8b12736cf232a0012f7000481b2cd2be6fb837938186d86fef7473e9de9e6
...
com.transistorsoft.locationmanager.http.HttpService$$ExternalSyntheticLambda5 -> com.transistorsoft.locationmanager.http.f:
# {"id":"sourceFile","fileName":"R8$$SyntheticClass"}
# {"id":"com.android.tools.r8.synthesized"}
    java.util.List com.transistorsoft.locationmanager.http.HttpService$$InternalSyntheticLambda$1$aa3332dade53a94775ce49995bf00065976ea4d2123a54e5217d7dff6c07bee2$0.f$1 -> b
    com.transistorsoft.locationmanager.http.HttpService com.transistorsoft.locationmanager.http.HttpService$$InternalSyntheticLambda$1$aa3332dade53a94775ce49995bf00065976ea4d2123a54e5217d7dff6c07bee2$0.f$0 -> a
    void com.transistorsoft.locationmanager.http.HttpService$$InternalSyntheticLambda$1$aa3332dade53a94775ce49995bf00065976ea4d2123a54e5217d7dff6c07bee2$0.<init>(com.transistorsoft.locationmanager.http.HttpService,java.util.List) -> <init>
      # {"id":"com.android.tools.r8.synthesized"}
    void com.transistorsoft.locationmanager.http.HttpService$$InternalSyntheticLambda$1$aa3332dade53a94775ce49995bf00065976ea4d2123a54e5217d7dff6c07bee2$0.run() -> run
      # {"id":"com.android.tools.r8.synthesized"}
com.transistorsoft.locationmanager.http.HttpService$$ExternalSyntheticLambda6 -> com.transistorsoft.locationmanager.http.g:
# {"id":"sourceFile","fileName":"R8$$SyntheticClass"}
# {"id":"com.android.tools.r8.synthesized"}
    com.transistorsoft.locationmanager.http.HttpService com.transistorsoft.locationmanager.http.HttpService$$InternalSyntheticLambda$1$f60ef445d2545ba1955c7f171f50b5d6f9f24d53deed017ab343097550de967d$0.f$0 -> a
    void com.transistorsoft.locationmanager.http.HttpService$$InternalSyntheticLambda$1$f60ef445d2545ba1955c7f171f50b5d6f9f24d53deed017ab343097550de967d$0.<init>(com.transistorsoft.locationmanager.http.HttpService) -> <init>
      # {"id":"com.android.tools.r8.synthesized"}
    void com.transistorsoft.locationmanager.http.HttpService$$InternalSyntheticLambda$1$f60ef445d2545ba1955c7f171f50b5d6f9f24d53deed017ab343097550de967d$0.run() -> run
      # {"id":"com.android.tools.r8.synthesized"}
com.transistorsoft.locationmanager.lifecycle.LifecycleManager -> com.transistorsoft.locationmanager.lifecycle.LifecycleManager:
    void $r8$lambda$KKhBUFK5kHBzHnh_mVnblXW7g0s(boolean) -> c
      # {"id":"com.android.tools.r8.synthesized"}
com.transistorsoft.locationmanager.lifecycle.LifecycleManager$$ExternalSyntheticLambda0 -> com.transistorsoft.locationmanager.lifecycle.a:
# {"id":"sourceFile","fileName":"R8$$SyntheticClass"}
# {"id":"com.android.tools.r8.synthesized"}
    void com.transistorsoft.locationmanager.lifecycle.LifecycleManager$$InternalSyntheticLambda$1$4d635d520b249b9ed307ceac97c90c3b134f308a164aab5fc46c7cf442e8f46a$0.<init>() -> <init>
      # {"id":"com.android.tools.r8.synthesized"}
    void com.transistorsoft.locationmanager.lifecycle.LifecycleManager$$InternalSyntheticLambda$1$4d635d520b249b9ed307ceac97c90c3b134f308a164aab5fc46c7cf442e8f46a$0.onChange(boolean) -> onChange
      # {"id":"com.android.tools.r8.synthesized"}
com.transistorsoft.locationmanager.location.SingleLocationRequest -> com.transistorsoft.locationmanager.location.SingleLocationRequest:
    void $r8$lambda$0ikW0MMSTvnPzQ2o7Cl6RTXlsz4(com.transistorsoft.locationmanager.location.SingleLocationRequest,java.lang.Void) -> a
      # {"id":"com.android.tools.r8.synthesized"}
    void $r8$lambda$5gKcB8G-OtedsFn4FyyrAaHxhR8(com.transistorsoft.locationmanager.location.TSLocationManager,com.transistorsoft.locationmanager.location.SingleLocationResult) -> b
      # {"id":"com.android.tools.r8.synthesized"}
    void $r8$lambda$r2wzqzJ7KKAUcU_5Cb_BXi9HH6k(com.transistorsoft.locationmanager.location.SingleLocationRequest) -> c
      # {"id":"com.android.tools.r8.synthesized"}