build/app/outputs/mapping/release/usage.txt
com.myapp.pmck.BuildConfig
com.myapp.pmck.R$anim
com.myapp.pmck.R$animator
com.myapp.pmck.R$attr
com.myapp.pmck.R$bool
com.myapp.pmck.R$color
com.myapp.pmck.R$dimen
com.myapp.pmck.R$drawable
com.myapp.pmck.R$id
com.myapp.pmck.R$integer
com.myapp.pmck.R$interpolator
com.myapp.pmck.R$layout
com.myapp.pmck.R$mipmap
com.myapp.pmck.R$raw
com.myapp.pmck.R$string
com.myapp.pmck.R$style
com.myapp.pmck.R$styleable
com.myapp.pmck.R$xml
com.myapp.pmck.R
...
com.google.common.collect.TransformedIterator:
    final java.util.Iterator backingIterator
    void <init>(java.util.Iterator)
    public final boolean hasNext()
    public final java.lang.Object next()
    public final void remove()
    abstract java.lang.Object transform(java.lang.Object)
com.google.common.collect.TransformedListIterator
com.google.common.collect.TreeBasedTable$1
com.google.common.collect.TreeBasedTable$Factory
com.google.common.collect.TreeBasedTable$TreeRow
com.google.common.collect.TreeBasedTable
com.google.common.collect.TreeMultimap
com.google.common.collect.TreeMultiset$1
com.google.common.collect.TreeMultiset$2
com.google.common.collect.TreeMultiset$3
com.google.common.collect.TreeMultiset$4
com.google.common.collect.TreeMultiset$Aggregate$1
com.google.common.collect.TreeMultiset$Aggregate$2
com.google.common.collect.TreeMultiset$Aggregate
com.google.common.collect.TreeMultiset$AvlNode
com.google.common.collect.TreeMultiset$Reference
com.google.common.collect.TreeMultiset
com.google.common.collect.TreeRangeMap$1
com.google.common.collect.TreeRangeMap$AsMapOfRanges
com.google.common.collect.TreeRangeMap$RangeMapEntry
com.google.common.collect.TreeRangeMap$SubRangeMap$1$1
com.google.common.collect.TreeRangeMap$SubRangeMap$1
com.google.common.collect.TreeRangeMap$SubRangeMap$SubRangeMapAsMap$1
com.google.common.collect.TreeRangeMap$SubRangeMap$SubRangeMapAsMap$2
com.google.common.collect.TreeRangeMap$SubRangeMap$SubRangeMapAsMap$3
com.google.common.collect.TreeRangeMap$SubRangeMap$SubRangeMapAsMap$4
com.google.common.collect.TreeRangeMap$SubRangeMap$SubRangeMapAsMap
com.google.common.collect.TreeRangeMap$SubRangeMap
com.google.common.collect.TreeRangeMap
com.google.common.collect.TreeRangeSet$1
com.google.common.collect.TreeRangeSet$AsRanges
com.google.common.collect.TreeRangeSet$Complement
com.google.common.collect.TreeRangeSet$ComplementRangesByLowerBound$1
com.google.common.collect.TreeRangeSet$ComplementRangesByLowerBound$2
com.google.common.collect.TreeRangeSet$ComplementRangesByLowerBound
com.google.common.collect.TreeRangeSet$RangesByUpperBound$1
com.google.common.collect.TreeRangeSet$RangesByUpperBound$2
com.google.common.collect.TreeRangeSet$RangesByUpperBound
com.google.common.collect.TreeRangeSet$SubRangeSet
com.google.common.collect.TreeRangeSet$SubRangeSetRangesByLowerBound$1
com.google.common.collect.TreeRangeSet$SubRangeSetRangesByLowerBound$2
com.google.common.collect.TreeRangeSet$SubRangeSetRangesByLowerBound
com.google.common.collect.TreeRangeSet
com.google.common.collect.TreeTraverser$1
com.google.common.collect.TreeTraverser$2
com.google.common.collect.TreeTraverser$3
com.google.common.collect.TreeTraverser$4
com.google.common.collect.TreeTraverser$BreadthFirstIterator
com.google.common.collect.TreeTraverser$PostOrderIterator
com.google.common.collect.TreeTraverser$PostOrderNode
com.google.common.collect.TreeTraverser$PreOrderIterator
com.google.common.collect.TreeTraverser
com.google.common.collect.UnmodifiableSortedMultiset
com.google.common.collect.UsingToStringOrdering
com.google.common.collect.package-info
com.google.common.escape.ArrayBasedCharEscaper
com.google.common.escape.ArrayBasedEscaperMap
com.google.common.escape.ArrayBasedUnicodeEscaper
com.google.common.escape.CharEscaper
com.google.common.escape.CharEscaperBuilder$CharArrayDecorator
com.google.common.escape.CharEscaperBuilder
com.google.common.escape.ElementTypesAreNonnullByDefault
com.google.common.escape.Escaper
com.google.common.escape.Escapers$1
com.google.common.escape.Escapers$2
com.google.common.escape.Escapers$Builder$1
com.google.common.escape.Escapers$Builder
com.google.common.escape.Escapers
com.google.common.escape.ParametricNullness
com.google.common.escape.Platform$1
com.google.common.escape.Platform
com.google.common.escape.UnicodeEscaper
com.google.common.escape.package-info
com.google.common.eventbus.AllowConcurrentEvents
com.google.common.eventbus.AsyncEventBus
com.google.common.eventbus.DeadEvent